<?xml version="1.0" encoding="UTF-8"?>
<!-- Generated by org.testng.reporters.JUnitXMLReporter -->
<testsuite ignored="0" hostname="DESKTOP-D3Q0H43" failures="0" tests="4" name="Test" time="0.082" errors="0" timestamp="2020-07-12T19:48:03 IST">
  <testcase classname="qaclickacademy.Mavenjava.AppiumTest" name="IOS" time="0.015"/>
  <testcase classname="qaclickacademy.Mavenjava.AppiumTest" name="nativeAppAndroid" time="0.003"/>
  <testcase classname="qaclickacademy.Mavenjava.SeleniumTest" name="browserAutpmation" time="0.001"/>
  <testcase classname="qaclickacademy.Mavenjava.SeleniumTest" name="elementUI" time="0.001"/>
</testsuite> <!-- Test -->
