<?xml version="1.0" encoding="UTF-8"?>
<!-- Generated by org.testng.reporters.JUnitXMLReporter -->
<testsuite ignored="0" hostname="DESKTOP-D3Q0H43" failures="0" tests="6" name="Command line test" time="0.065" errors="0" timestamp="2020-07-11T23:52:20 IST">
  <testcase classname="qaclickacademy.Mavenjava.AppiumTest" name="IOS" time="0.006"/>
  <testcase classname="qaclickacademy.Mavenjava.AppiumTest" name="nativeAppAndroid" time="0.0"/>
  <testcase classname="qaclickacademy.Mavenjava.RESTAPITest" name="createJIRA" time="0.0"/>
  <testcase classname="qaclickacademy.Mavenjava.RESTAPITest" name="deleteTwitter" time="0.001"/>
  <testcase classname="qaclickacademy.Mavenjava.SeleniumTest" name="browserAutpmation" time="0.0"/>
  <testcase classname="qaclickacademy.Mavenjava.SeleniumTest" name="elementUI" time="0.002"/>
</testsuite> <!-- Command line test -->
