<?xml version="1.0" encoding="UTF-8"?>
<testng-results ignored="0" total="6" passed="6" failed="0" skipped="0">
  <reporter-output>
  </reporter-output>
  <suite started-at="2020-07-11T22:37:32 IST" name="Surefire suite" finished-at="2020-07-11T22:37:32 IST" duration-ms="72">
    <groups>
    </groups>
    <test started-at="2020-07-11T22:37:32 IST" name="Surefire test" finished-at="2020-07-11T22:37:32 IST" duration-ms="72">
      <class name="qaclickacademy.Mavenjava.AppiumTest">
        <test-method signature="IOS()[pri:0, instance:qaclickacademy.Mavenjava.AppiumTest@6a472554]" started-at="2020-07-11T22:37:32 IST" name="IOS" finished-at="2020-07-11T22:37:32 IST" duration-ms="8" status="PASS">
          <reporter-output>
          </reporter-output>
        </test-method> <!-- IOS -->
        <test-method signature="nativeAppAndroid()[pri:0, instance:qaclickacademy.Mavenjava.AppiumTest@6a472554]" started-at="2020-07-11T22:37:32 IST" name="nativeAppAndroid" finished-at="2020-07-11T22:37:32 IST" duration-ms="0" status="PASS">
          <reporter-output>
          </reporter-output>
        </test-method> <!-- nativeAppAndroid -->
      </class> <!-- qaclickacademy.Mavenjava.AppiumTest -->
      <class name="qaclickacademy.Mavenjava.RESTAPITest">
        <test-method signature="createJIRA()[pri:0, instance:qaclickacademy.Mavenjava.RESTAPITest@7ff2a664]" started-at="2020-07-11T22:37:32 IST" name="createJIRA" finished-at="2020-07-11T22:37:32 IST" duration-ms="1" status="PASS">
          <reporter-output>
          </reporter-output>
        </test-method> <!-- createJIRA -->
        <test-method signature="deleteTwitter()[pri:0, instance:qaclickacademy.Mavenjava.RESTAPITest@7ff2a664]" started-at="2020-07-11T22:37:32 IST" name="deleteTwitter" finished-at="2020-07-11T22:37:32 IST" duration-ms="0" status="PASS">
          <reporter-output>
          </reporter-output>
        </test-method> <!-- deleteTwitter -->
      </class> <!-- qaclickacademy.Mavenjava.RESTAPITest -->
      <class name="qaclickacademy.Mavenjava.SeleniumTest">
        <test-method signature="browserAutpmation()[pri:0, instance:qaclickacademy.Mavenjava.SeleniumTest@525b461a]" started-at="2020-07-11T22:37:32 IST" name="browserAutpmation" finished-at="2020-07-11T22:37:32 IST" duration-ms="0" status="PASS">
          <reporter-output>
          </reporter-output>
        </test-method> <!-- browserAutpmation -->
        <test-method signature="elementUI()[pri:0, instance:qaclickacademy.Mavenjava.SeleniumTest@525b461a]" started-at="2020-07-11T22:37:32 IST" name="elementUI" finished-at="2020-07-11T22:37:32 IST" duration-ms="0" status="PASS">
          <reporter-output>
          </reporter-output>
        </test-method> <!-- elementUI -->
      </class> <!-- qaclickacademy.Mavenjava.SeleniumTest -->
    </test> <!-- Surefire test -->
  </suite> <!-- Surefire suite -->
</testng-results>
