<?xml version="1.0" encoding="UTF-8"?>
<testng-results ignored="0" total="6" passed="6" failed="0" skipped="0">
  <reporter-output>
  </reporter-output>
  <suite started-at="2020-07-12T17:59:54 IST" name="Suite" finished-at="2020-07-12T17:59:54 IST" duration-ms="61">
    <groups>
    </groups>
    <test started-at="2020-07-12T17:59:54 IST" name="Test" finished-at="2020-07-12T17:59:54 IST" duration-ms="61">
      <class name="qaclickacademy.Mavenjava.AppiumTest">
        <test-method signature="IOS()[pri:0, instance:qaclickacademy.Mavenjava.AppiumTest@78dd667e]" started-at="2020-07-12T17:59:54 IST" name="IOS" finished-at="2020-07-12T17:59:54 IST" duration-ms="0" status="PASS">
          <reporter-output>
          </reporter-output>
        </test-method> <!-- IOS -->
        <test-method signature="nativeAppAndroid()[pri:0, instance:qaclickacademy.Mavenjava.AppiumTest@78dd667e]" started-at="2020-07-12T17:59:54 IST" name="nativeAppAndroid" finished-at="2020-07-12T17:59:54 IST" duration-ms="0" status="PASS">
          <reporter-output>
          </reporter-output>
        </test-method> <!-- nativeAppAndroid -->
      </class> <!-- qaclickacademy.Mavenjava.AppiumTest -->
      <class name="qaclickacademy.Mavenjava.RESTAPITest">
        <test-method signature="createJIRA()[pri:0, instance:qaclickacademy.Mavenjava.RESTAPITest@1d76aeea]" started-at="2020-07-12T17:59:54 IST" name="createJIRA" finished-at="2020-07-12T17:59:54 IST" duration-ms="6" status="PASS">
          <reporter-output>
          </reporter-output>
        </test-method> <!-- createJIRA -->
        <test-method signature="deleteTwitter()[pri:0, instance:qaclickacademy.Mavenjava.RESTAPITest@1d76aeea]" started-at="2020-07-12T17:59:54 IST" name="deleteTwitter" finished-at="2020-07-12T17:59:54 IST" duration-ms="1" status="PASS">
          <reporter-output>
          </reporter-output>
        </test-method> <!-- deleteTwitter -->
      </class> <!-- qaclickacademy.Mavenjava.RESTAPITest -->
      <class name="qaclickacademy.Mavenjava.SeleniumTest">
        <test-method signature="browserAutpmation()[pri:0, instance:qaclickacademy.Mavenjava.SeleniumTest@10db82ae]" started-at="2020-07-12T17:59:54 IST" name="browserAutpmation" finished-at="2020-07-12T17:59:54 IST" duration-ms="0" status="PASS">
          <reporter-output>
          </reporter-output>
        </test-method> <!-- browserAutpmation -->
        <test-method signature="elementUI()[pri:0, instance:qaclickacademy.Mavenjava.SeleniumTest@10db82ae]" started-at="2020-07-12T17:59:54 IST" name="elementUI" finished-at="2020-07-12T17:59:54 IST" duration-ms="0" status="PASS">
          <reporter-output>
          </reporter-output>
        </test-method> <!-- elementUI -->
      </class> <!-- qaclickacademy.Mavenjava.SeleniumTest -->
    </test> <!-- Test -->
  </suite> <!-- Suite -->
</testng-results>
