<?xml version="1.0" encoding="UTF-8"?>
<testsuite xmlns:xsi="http://www.w3.org/2001/XMLSchema-instance" xsi:noNamespaceSchemaLocation="https://maven.apache.org/surefire/maven-surefire-plugin/xsd/surefire-test-report.xsd" name="TestSuite" time="0.949" tests="6" errors="0" skipped="0" failures="0">
  <properties>
[...]
</properties>
  <testcase name="createJIRA" classname="qaclickacademy.Mavenjava.RESTAPITest" time="0.008"/>
  <testcase name="deleteTwitter" classname="qaclickacademy.Mavenjava.RESTAPITest" time="0.002"/>
  <testcase name="IOS" classname="qaclickacademy.Mavenjava.AppiumTest" time="0.002"/>
  <testcase name="nativeAppAndroid" classname="qaclickacademy.Mavenjava.AppiumTest" time="0.004"/>
  <testcase name="browserAutpmation" classname="qaclickacademy.Mavenjava.SeleniumTest" time="0.005"/>
  <testcase name="elementUI" classname="qaclickacademy.Mavenjava.SeleniumTest" time="0.003"/>
</testsuite>