<?xml version="1.0" encoding="UTF-8"?>
<testng-results ignored="0" total="4" passed="4" failed="0" skipped="0">
  <reporter-output>
  </reporter-output>
  <suite started-at="2020-07-12T19:48:03 IST" name="Suite" finished-at="2020-07-12T19:48:03 IST" duration-ms="82">
    <groups>
    </groups>
    <test started-at="2020-07-12T19:48:03 IST" name="Test" finished-at="2020-07-12T19:48:03 IST" duration-ms="82">
      <class name="qaclickacademy.Mavenjava.AppiumTest">
        <test-method signature="IOS()[pri:0, instance:qaclickacademy.Mavenjava.AppiumTest@378542de]" started-at="2020-07-12T19:48:03 IST" name="IOS" finished-at="2020-07-12T19:48:03 IST" duration-ms="15" status="PASS">
          <reporter-output>
          </reporter-output>
        </test-method> <!-- IOS -->
        <test-method signature="nativeAppAndroid()[pri:0, instance:qaclickacademy.Mavenjava.AppiumTest@378542de]" started-at="2020-07-12T19:48:03 IST" name="nativeAppAndroid" finished-at="2020-07-12T19:48:03 IST" duration-ms="3" status="PASS">
          <reporter-output>
          </reporter-output>
        </test-method> <!-- nativeAppAndroid -->
      </class> <!-- qaclickacademy.Mavenjava.AppiumTest -->
      <class name="qaclickacademy.Mavenjava.SeleniumTest">
        <test-method signature="browserAutpmation()[pri:0, instance:qaclickacademy.Mavenjava.SeleniumTest@3738449f]" started-at="2020-07-12T19:48:03 IST" name="browserAutpmation" finished-at="2020-07-12T19:48:03 IST" duration-ms="1" status="PASS">
          <reporter-output>
          </reporter-output>
        </test-method> <!-- browserAutpmation -->
        <test-method signature="elementUI()[pri:0, instance:qaclickacademy.Mavenjava.SeleniumTest@3738449f]" started-at="2020-07-12T19:48:03 IST" name="elementUI" finished-at="2020-07-12T19:48:03 IST" duration-ms="1" status="PASS">
          <reporter-output>
          </reporter-output>
        </test-method> <!-- elementUI -->
      </class> <!-- qaclickacademy.Mavenjava.SeleniumTest -->
    </test> <!-- Test -->
  </suite> <!-- Suite -->
</testng-results>
